2023-04-06T07:38:36.333+03:00  WARN 14616 --- [HikariPool-1 housekeeper] com.zaxxer.hikari.pool.HikariPool        : HikariPool-1 - Thread starvation or clock leap detected (housekeeper delta=7h59m46s964ms935µs500ns).
2023-04-06T07:40:19.763+03:00  INFO 25024 --- [main] c.example.demo.LoanServiceApplication    : Starting LoanServiceApplication using Java 17.0.4 with PID 25024 (C:\MY_PROJECTS\customer-loans\target\classes started by C849152 in C:\MY_PROJECTS\customer-loans)
2023-04-06T07:40:19.766+03:00  INFO 25024 --- [main] c.example.demo.LoanServiceApplication    : The following 1 profile is active: "dev"
2023-04-06T07:40:20.647+03:00  INFO 25024 --- [main] .s.d.r.c.RepositoryConfigurationDelegate : Bootstrapping Spring Data JPA repositories in DEFAULT mode.
2023-04-06T07:40:20.731+03:00  INFO 25024 --- [main] .s.d.r.c.RepositoryConfigurationDelegate : Finished Spring Data repository scanning in 71 ms. Found 2 JPA repository interfaces.
2023-04-06T07:40:21.527+03:00  INFO 25024 --- [main] o.s.b.w.embedded.tomcat.TomcatWebServer  : Tomcat initialized with port(s): 8080 (http)
2023-04-06T07:40:21.538+03:00  INFO 25024 --- [main] o.apache.catalina.core.StandardService   : Starting service [Tomcat]
2023-04-06T07:40:21.538+03:00  INFO 25024 --- [main] o.apache.catalina.core.StandardEngine    : Starting Servlet engine: [Apache Tomcat/10.1.7]
2023-04-06T07:40:21.652+03:00  INFO 25024 --- [main] o.a.c.c.C.[Tomcat].[localhost].[/]       : Initializing Spring embedded WebApplicationContext
2023-04-06T07:40:21.653+03:00  INFO 25024 --- [main] w.s.c.ServletWebServerApplicationContext : Root WebApplicationContext: initialization completed in 1813 ms
2023-04-06T07:40:21.891+03:00  INFO 25024 --- [main] o.hibernate.jpa.internal.util.LogHelper  : HHH000204: Processing PersistenceUnitInfo [name: default]
2023-04-06T07:40:21.969+03:00  INFO 25024 --- [main] org.hibernate.Version                    : HHH000412: Hibernate ORM core version 6.1.7.Final
2023-04-06T07:40:22.302+03:00  INFO 25024 --- [main] com.zaxxer.hikari.HikariDataSource       : HikariPool-1 - Starting...
2023-04-06T07:40:22.511+03:00  INFO 25024 --- [main] com.zaxxer.hikari.pool.HikariPool        : HikariPool-1 - Added connection org.postgresql.jdbc.PgConnection@4f3c7808
2023-04-06T07:40:22.516+03:00  INFO 25024 --- [main] com.zaxxer.hikari.HikariDataSource       : HikariPool-1 - Start completed.
2023-04-06T07:40:22.789+03:00  INFO 25024 --- [main] SQL dialect                              : HHH000400: Using dialect: org.hibernate.dialect.PostgreSQLDialect
2023-04-06T07:40:24.086+03:00  INFO 25024 --- [main] o.h.e.t.j.p.i.JtaPlatformInitiator       : HHH000490: Using JtaPlatform implementation: [org.hibernate.engine.transaction.jta.platform.internal.NoJtaPlatform]
2023-04-06T07:40:24.096+03:00  INFO 25024 --- [main] j.LocalContainerEntityManagerFactoryBean : Initialized JPA EntityManagerFactory for persistence unit 'default'
2023-04-06T07:40:24.607+03:00  WARN 25024 --- [main] JpaBaseConfiguration$JpaWebConfiguration : spring.jpa.open-in-view is enabled by default. Therefore, database queries may be performed during view rendering. Explicitly configure spring.jpa.open-in-view to disable this warning
2023-04-06T07:40:24.864+03:00  INFO 25024 --- [main] o.s.s.web.DefaultSecurityFilterChain     : Will secure any request with [org.springframework.security.web.session.DisableEncodeUrlFilter@14e93c46, org.springframework.security.web.context.request.async.WebAsyncManagerIntegrationFilter@89465d9, org.springframework.security.web.context.SecurityContextHolderFilter@ea0c99c, org.springframework.security.web.header.HeaderWriterFilter@36d5c2ce, org.springframework.security.web.authentication.logout.LogoutFilter@6be1f37f, org.springframework.security.web.authentication.www.BasicAuthenticationFilter@1bb0fa38, org.springframework.security.web.savedrequest.RequestCacheAwareFilter@3b3f62d7, org.springframework.security.web.servletapi.SecurityContextHolderAwareRequestFilter@58ca6ba3, org.springframework.security.web.authentication.AnonymousAuthenticationFilter@6fdd3382, org.springframework.security.web.access.ExceptionTranslationFilter@6edb2c7b, org.springframework.security.web.access.intercept.AuthorizationFilter@46c2189e]
2023-04-06T07:40:25.267+03:00  INFO 25024 --- [main] o.s.b.w.embedded.tomcat.TomcatWebServer  : Tomcat started on port(s): 8080 (http) with context path ''
2023-04-06T07:40:25.275+03:00  INFO 25024 --- [main] c.example.demo.LoanServiceApplication    : Started LoanServiceApplication in 6.113 seconds (process running for 6.787)
2023-04-06T07:40:25.278+03:00  INFO 25024 --- [main] c.example.demo.LoanServiceApplication    : [Inside the CommandLineRunner method]: persisting customer data to the database
2023-04-06T07:40:25.583+03:00  INFO 25024 --- [main] c.example.demo.LoanServiceApplication    : [Inside the CommandLineRunner method]: calling the RestTemplate class which invokes the api
2023-04-06T07:40:25.702+03:00  INFO 25024 --- [http-nio-8080-exec-1] o.a.c.c.C.[Tomcat].[localhost].[/]       : Initializing Spring DispatcherServlet 'dispatcherServlet'
2023-04-06T07:40:25.703+03:00  INFO 25024 --- [http-nio-8080-exec-1] o.s.web.servlet.DispatcherServlet        : Initializing Servlet 'dispatcherServlet'
2023-04-06T07:40:25.704+03:00  INFO 25024 --- [http-nio-8080-exec-1] o.s.web.servlet.DispatcherServlet        : Completed initialization in 1 ms
2023-04-06T07:40:25.934+03:00  INFO 25024 --- [http-nio-8080-exec-1] com.example.demo.services.LoanService    : [Inside the getLoanStatus method]: Retrieving customer loans for account number 1525211481 from the database
2023-04-06T07:40:26.109+03:00  INFO 25024 --- [http-nio-8080-exec-2] com.example.demo.services.LoanService    : [Inside the getLoanStatus method]: Retrieving customer loans for account number 1819466837 from the database
2023-04-06T07:40:26.198+03:00  INFO 25024 --- [http-nio-8080-exec-3] com.example.demo.services.LoanService    : [Inside the getLoanStatus method]: Retrieving customer loans for account number 1525081369 from the database
2023-04-06T07:40:26.286+03:00  INFO 25024 --- [http-nio-8080-exec-4] com.example.demo.services.LoanService    : [Inside the getLoanStatus method]: Retrieving customer loans for account number 1484120951 from the database
2023-04-06T07:40:26.369+03:00  INFO 25024 --- [http-nio-8080-exec-5] com.example.demo.services.LoanService    : [Inside the getLoanStatus method]: Retrieving customer loans for account number 1306540649 from the database
2023-04-06T07:41:14.183+03:00  INFO 25024 --- [http-nio-8080-exec-7] com.example.demo.services.LoanService    : [Inside the getLoanStatus method]: Retrieving customer loans for account number 1708457063 from the database
2023-04-06T07:43:03.536+03:00  INFO 2060 --- [main] c.example.demo.LoanServiceApplication    : Starting LoanServiceApplication using Java 17.0.4 with PID 2060 (C:\MY_PROJECTS\customer-loans\target\classes started by C849152 in C:\MY_PROJECTS\customer-loans)
2023-04-06T07:43:03.542+03:00  INFO 2060 --- [main] c.example.demo.LoanServiceApplication    : The following 1 profile is active: "dev"
2023-04-06T07:43:04.442+03:00  INFO 2060 --- [main] .s.d.r.c.RepositoryConfigurationDelegate : Bootstrapping Spring Data JPA repositories in DEFAULT mode.
2023-04-06T07:43:04.549+03:00  INFO 2060 --- [main] .s.d.r.c.RepositoryConfigurationDelegate : Finished Spring Data repository scanning in 87 ms. Found 2 JPA repository interfaces.
2023-04-06T07:43:05.337+03:00  INFO 2060 --- [main] o.s.b.w.embedded.tomcat.TomcatWebServer  : Tomcat initialized with port(s): 8080 (http)
2023-04-06T07:43:05.347+03:00  INFO 2060 --- [main] o.apache.catalina.core.StandardService   : Starting service [Tomcat]
2023-04-06T07:43:05.347+03:00  INFO 2060 --- [main] o.apache.catalina.core.StandardEngine    : Starting Servlet engine: [Apache Tomcat/10.1.7]
2023-04-06T07:43:05.476+03:00  INFO 2060 --- [main] o.a.c.c.C.[Tomcat].[localhost].[/]       : Initializing Spring embedded WebApplicationContext
2023-04-06T07:43:05.477+03:00  INFO 2060 --- [main] w.s.c.ServletWebServerApplicationContext : Root WebApplicationContext: initialization completed in 1866 ms
2023-04-06T07:43:05.702+03:00  INFO 2060 --- [main] o.hibernate.jpa.internal.util.LogHelper  : HHH000204: Processing PersistenceUnitInfo [name: default]
2023-04-06T07:43:05.759+03:00  INFO 2060 --- [main] org.hibernate.Version                    : HHH000412: Hibernate ORM core version 6.1.7.Final
2023-04-06T07:43:06.071+03:00  INFO 2060 --- [main] com.zaxxer.hikari.HikariDataSource       : HikariPool-1 - Starting...
2023-04-06T07:43:06.345+03:00  INFO 2060 --- [main] com.zaxxer.hikari.pool.HikariPool        : HikariPool-1 - Added connection org.postgresql.jdbc.PgConnection@2aee0704
2023-04-06T07:43:06.348+03:00  INFO 2060 --- [main] com.zaxxer.hikari.HikariDataSource       : HikariPool-1 - Start completed.
2023-04-06T07:43:06.613+03:00  INFO 2060 --- [main] SQL dialect                              : HHH000400: Using dialect: org.hibernate.dialect.PostgreSQLDialect
2023-04-06T07:43:08.038+03:00  INFO 2060 --- [main] o.h.e.t.j.p.i.JtaPlatformInitiator       : HHH000490: Using JtaPlatform implementation: [org.hibernate.engine.transaction.jta.platform.internal.NoJtaPlatform]
2023-04-06T07:43:08.050+03:00  INFO 2060 --- [main] j.LocalContainerEntityManagerFactoryBean : Initialized JPA EntityManagerFactory for persistence unit 'default'
2023-04-06T07:43:08.519+03:00  WARN 2060 --- [main] JpaBaseConfiguration$JpaWebConfiguration : spring.jpa.open-in-view is enabled by default. Therefore, database queries may be performed during view rendering. Explicitly configure spring.jpa.open-in-view to disable this warning
2023-04-06T07:43:08.759+03:00  INFO 2060 --- [main] o.s.s.web.DefaultSecurityFilterChain     : Will secure any request with [org.springframework.security.web.session.DisableEncodeUrlFilter@14e93c46, org.springframework.security.web.context.request.async.WebAsyncManagerIntegrationFilter@89465d9, org.springframework.security.web.context.SecurityContextHolderFilter@ea0c99c, org.springframework.security.web.header.HeaderWriterFilter@36d5c2ce, org.springframework.security.web.authentication.logout.LogoutFilter@6be1f37f, org.springframework.security.web.authentication.www.BasicAuthenticationFilter@1bb0fa38, org.springframework.security.web.savedrequest.RequestCacheAwareFilter@3b3f62d7, org.springframework.security.web.servletapi.SecurityContextHolderAwareRequestFilter@58ca6ba3, org.springframework.security.web.authentication.AnonymousAuthenticationFilter@6fdd3382, org.springframework.security.web.access.ExceptionTranslationFilter@22dc9d46, org.springframework.security.web.access.intercept.AuthorizationFilter@46c2189e]
2023-04-06T07:43:09.141+03:00  INFO 2060 --- [main] o.s.b.w.embedded.tomcat.TomcatWebServer  : Tomcat started on port(s): 8080 (http) with context path ''
2023-04-06T07:43:09.159+03:00  INFO 2060 --- [main] c.example.demo.LoanServiceApplication    : Started LoanServiceApplication in 6.3 seconds (process running for 6.971)
2023-04-06T07:43:09.166+03:00  INFO 2060 --- [main] c.example.demo.LoanServiceApplication    : [Inside the CommandLineRunner method]: persisting customer data to the database
2023-04-06T07:43:09.540+03:00  INFO 2060 --- [main] c.example.demo.LoanServiceApplication    : [Inside the CommandLineRunner method]: calling the RestTemplate class which invokes the api
2023-04-06T07:43:09.644+03:00  INFO 2060 --- [http-nio-8080-exec-1] o.a.c.c.C.[Tomcat].[localhost].[/]       : Initializing Spring DispatcherServlet 'dispatcherServlet'
2023-04-06T07:43:09.644+03:00  INFO 2060 --- [http-nio-8080-exec-1] o.s.web.servlet.DispatcherServlet        : Initializing Servlet 'dispatcherServlet'
2023-04-06T07:43:09.645+03:00  INFO 2060 --- [http-nio-8080-exec-1] o.s.web.servlet.DispatcherServlet        : Completed initialization in 1 ms
2023-04-06T07:43:09.822+03:00  INFO 2060 --- [http-nio-8080-exec-1] com.example.demo.services.LoanService    : [Inside the getLoanStatus method]: Retrieving customer loans for account number 1821321877 from the database
2023-04-06T07:43:09.963+03:00  INFO 2060 --- [http-nio-8080-exec-2] com.example.demo.services.LoanService    : [Inside the getLoanStatus method]: Retrieving customer loans for account number 1599504367 from the database
2023-04-06T07:43:10.026+03:00  INFO 2060 --- [http-nio-8080-exec-3] com.example.demo.services.LoanService    : [Inside the getLoanStatus method]: Retrieving customer loans for account number 1723261526 from the database
2023-04-06T07:43:10.094+03:00  INFO 2060 --- [http-nio-8080-exec-4] com.example.demo.services.LoanService    : [Inside the getLoanStatus method]: Retrieving customer loans for account number 1030027302 from the database
2023-04-06T07:43:10.162+03:00  INFO 2060 --- [http-nio-8080-exec-5] com.example.demo.services.LoanService    : [Inside the getLoanStatus method]: Retrieving customer loans for account number 1574465758 from the database
2023-04-06T07:44:12.045+03:00  INFO 2060 --- [http-nio-8080-exec-6] com.example.demo.services.LoanService    : [Inside the getLoanStatus method]: Retrieving customer loans for account number 1708457063 from the database
2023-04-06T07:59:38.967+03:00  INFO 2060 --- [http-nio-8080-exec-4] com.example.demo.services.LoanService    : [Inside the getLoanStatus method]: Retrieving customer loans for account number 1708457063 from the database
2023-04-06T08:35:47.103+03:00  INFO 32596 --- [main] c.example.demo.LoanServiceApplication    : Starting LoanServiceApplication using Java 17.0.4 with PID 32596 (C:\MY_PROJECTS\customer-loans\target\classes started by C849152 in C:\MY_PROJECTS\customer-loans)
2023-04-06T08:35:47.106+03:00  INFO 32596 --- [main] c.example.demo.LoanServiceApplication    : The following 1 profile is active: "dev"
2023-04-06T08:35:48.046+03:00  INFO 32596 --- [main] .s.d.r.c.RepositoryConfigurationDelegate : Bootstrapping Spring Data JPA repositories in DEFAULT mode.
2023-04-06T08:35:48.131+03:00  INFO 32596 --- [main] .s.d.r.c.RepositoryConfigurationDelegate : Finished Spring Data repository scanning in 73 ms. Found 2 JPA repository interfaces.
2023-04-06T08:35:49.138+03:00  INFO 32596 --- [main] o.s.b.w.embedded.tomcat.TomcatWebServer  : Tomcat initialized with port(s): 8080 (http)
2023-04-06T08:35:49.153+03:00  INFO 32596 --- [main] o.apache.catalina.core.StandardService   : Starting service [Tomcat]
2023-04-06T08:35:49.154+03:00  INFO 32596 --- [main] o.apache.catalina.core.StandardEngine    : Starting Servlet engine: [Apache Tomcat/10.1.7]
2023-04-06T08:35:49.320+03:00  INFO 32596 --- [main] o.a.c.c.C.[Tomcat].[localhost].[/]       : Initializing Spring embedded WebApplicationContext
2023-04-06T08:35:49.320+03:00  INFO 32596 --- [main] w.s.c.ServletWebServerApplicationContext : Root WebApplicationContext: initialization completed in 2118 ms
2023-04-06T08:35:49.554+03:00  INFO 32596 --- [main] o.hibernate.jpa.internal.util.LogHelper  : HHH000204: Processing PersistenceUnitInfo [name: default]
2023-04-06T08:35:49.629+03:00  INFO 32596 --- [main] org.hibernate.Version                    : HHH000412: Hibernate ORM core version 6.1.7.Final
2023-04-06T08:35:49.942+03:00  INFO 32596 --- [main] com.zaxxer.hikari.HikariDataSource       : HikariPool-1 - Starting...
2023-04-06T08:35:50.153+03:00  INFO 32596 --- [main] com.zaxxer.hikari.pool.HikariPool        : HikariPool-1 - Added connection org.postgresql.jdbc.PgConnection@ca7e37f
2023-04-06T08:35:50.158+03:00  INFO 32596 --- [main] com.zaxxer.hikari.HikariDataSource       : HikariPool-1 - Start completed.
2023-04-06T08:35:50.485+03:00  INFO 32596 --- [main] SQL dialect                              : HHH000400: Using dialect: org.hibernate.dialect.PostgreSQLDialect
2023-04-06T08:35:51.830+03:00  INFO 32596 --- [main] o.h.e.t.j.p.i.JtaPlatformInitiator       : HHH000490: Using JtaPlatform implementation: [org.hibernate.engine.transaction.jta.platform.internal.NoJtaPlatform]
2023-04-06T08:35:51.841+03:00  INFO 32596 --- [main] j.LocalContainerEntityManagerFactoryBean : Initialized JPA EntityManagerFactory for persistence unit 'default'
2023-04-06T08:35:52.293+03:00  WARN 32596 --- [main] JpaBaseConfiguration$JpaWebConfiguration : spring.jpa.open-in-view is enabled by default. Therefore, database queries may be performed during view rendering. Explicitly configure spring.jpa.open-in-view to disable this warning
2023-04-06T08:35:52.531+03:00  INFO 32596 --- [main] o.s.s.web.DefaultSecurityFilterChain     : Will secure any request with [org.springframework.security.web.session.DisableEncodeUrlFilter@41c88e00, org.springframework.security.web.context.request.async.WebAsyncManagerIntegrationFilter@4fea095b, org.springframework.security.web.context.SecurityContextHolderFilter@720c0996, org.springframework.security.web.header.HeaderWriterFilter@58ca6ba3, org.springframework.security.web.authentication.logout.LogoutFilter@46c2189e, org.springframework.security.web.authentication.www.BasicAuthenticationFilter@1ff23bd1, org.springframework.security.web.savedrequest.RequestCacheAwareFilter@460aa24e, org.springframework.security.web.servletapi.SecurityContextHolderAwareRequestFilter@7a85dc58, org.springframework.security.web.authentication.AnonymousAuthenticationFilter@354e2bff, org.springframework.security.web.access.ExceptionTranslationFilter@53da2aec, org.springframework.security.web.access.intercept.AuthorizationFilter@6d41200c]
2023-04-06T08:35:52.913+03:00  INFO 32596 --- [main] o.s.b.w.embedded.tomcat.TomcatWebServer  : Tomcat started on port(s): 8080 (http) with context path ''
2023-04-06T08:35:52.923+03:00  INFO 32596 --- [main] c.example.demo.LoanServiceApplication    : Started LoanServiceApplication in 6.423 seconds (process running for 7.006)
2023-04-06T08:35:52.926+03:00  INFO 32596 --- [main] c.example.demo.LoanServiceApplication    : [Inside the CommandLineRunner method]: persisting customer data to the database
2023-04-06T08:35:53.282+03:00  INFO 32596 --- [main] c.example.demo.LoanServiceApplication    : [Inside the CommandLineRunner method]: calling the RestTemplate class which invokes the api
2023-04-06T08:35:53.486+03:00  INFO 32596 --- [http-nio-8080-exec-1] o.a.c.c.C.[Tomcat].[localhost].[/]       : Initializing Spring DispatcherServlet 'dispatcherServlet'
2023-04-06T08:35:53.487+03:00  INFO 32596 --- [http-nio-8080-exec-1] o.s.web.servlet.DispatcherServlet        : Initializing Servlet 'dispatcherServlet'
2023-04-06T08:35:53.488+03:00  INFO 32596 --- [http-nio-8080-exec-1] o.s.web.servlet.DispatcherServlet        : Completed initialization in 1 ms
2023-04-06T08:35:53.760+03:00  INFO 32596 --- [http-nio-8080-exec-1] com.example.demo.services.LoanService    : [Inside the getLoanStatus method]: Retrieving customer loans for account number 1209091913 from the database
2023-04-06T08:35:53.942+03:00  INFO 32596 --- [http-nio-8080-exec-2] com.example.demo.services.LoanService    : [Inside the getLoanStatus method]: Retrieving customer loans for account number 1529012523 from the database
2023-04-06T08:35:54.031+03:00  INFO 32596 --- [http-nio-8080-exec-3] com.example.demo.services.LoanService    : [Inside the getLoanStatus method]: Retrieving customer loans for account number 1610466578 from the database
2023-04-06T08:35:54.113+03:00  INFO 32596 --- [http-nio-8080-exec-4] com.example.demo.services.LoanService    : [Inside the getLoanStatus method]: Retrieving customer loans for account number 1106370253 from the database
2023-04-06T08:35:54.193+03:00  INFO 32596 --- [http-nio-8080-exec-5] com.example.demo.services.LoanService    : [Inside the getLoanStatus method]: Retrieving customer loans for account number 1867897575 from the database
2023-04-06T08:36:58.214+03:00  INFO 7972 --- [main] c.example.demo.LoanServiceApplication    : Starting LoanServiceApplication using Java 17.0.4 with PID 7972 (C:\MY_PROJECTS\customer-loans\target\classes started by C849152 in C:\MY_PROJECTS\customer-loans)
2023-04-06T08:36:58.218+03:00  INFO 7972 --- [main] c.example.demo.LoanServiceApplication    : The following 1 profile is active: "dev"
2023-04-06T08:36:59.189+03:00  INFO 7972 --- [main] .s.d.r.c.RepositoryConfigurationDelegate : Bootstrapping Spring Data JPA repositories in DEFAULT mode.
2023-04-06T08:36:59.307+03:00  INFO 7972 --- [main] .s.d.r.c.RepositoryConfigurationDelegate : Finished Spring Data repository scanning in 103 ms. Found 2 JPA repository interfaces.
2023-04-06T08:37:00.170+03:00  INFO 7972 --- [main] o.s.b.w.embedded.tomcat.TomcatWebServer  : Tomcat initialized with port(s): 8080 (http)
2023-04-06T08:37:00.184+03:00  INFO 7972 --- [main] o.apache.catalina.core.StandardService   : Starting service [Tomcat]
2023-04-06T08:37:00.185+03:00  INFO 7972 --- [main] o.apache.catalina.core.StandardEngine    : Starting Servlet engine: [Apache Tomcat/10.1.7]
2023-04-06T08:37:00.355+03:00  INFO 7972 --- [main] o.a.c.c.C.[Tomcat].[localhost].[/]       : Initializing Spring embedded WebApplicationContext
2023-04-06T08:37:00.356+03:00  INFO 7972 --- [main] w.s.c.ServletWebServerApplicationContext : Root WebApplicationContext: initialization completed in 2052 ms
2023-04-06T08:37:00.603+03:00  INFO 7972 --- [main] o.hibernate.jpa.internal.util.LogHelper  : HHH000204: Processing PersistenceUnitInfo [name: default]
2023-04-06T08:37:00.678+03:00  INFO 7972 --- [main] org.hibernate.Version                    : HHH000412: Hibernate ORM core version 6.1.7.Final
2023-04-06T08:37:01.062+03:00  INFO 7972 --- [main] com.zaxxer.hikari.HikariDataSource       : HikariPool-1 - Starting...
2023-04-06T08:37:01.347+03:00  INFO 7972 --- [main] com.zaxxer.hikari.pool.HikariPool        : HikariPool-1 - Added connection org.postgresql.jdbc.PgConnection@ca7e37f
2023-04-06T08:37:01.353+03:00  INFO 7972 --- [main] com.zaxxer.hikari.HikariDataSource       : HikariPool-1 - Start completed.
2023-04-06T08:37:01.672+03:00  INFO 7972 --- [main] SQL dialect                              : HHH000400: Using dialect: org.hibernate.dialect.PostgreSQLDialect
2023-04-06T08:37:03.359+03:00  INFO 7972 --- [main] o.h.e.t.j.p.i.JtaPlatformInitiator       : HHH000490: Using JtaPlatform implementation: [org.hibernate.engine.transaction.jta.platform.internal.NoJtaPlatform]
2023-04-06T08:37:03.368+03:00  INFO 7972 --- [main] j.LocalContainerEntityManagerFactoryBean : Initialized JPA EntityManagerFactory for persistence unit 'default'
2023-04-06T08:37:03.829+03:00  WARN 7972 --- [main] JpaBaseConfiguration$JpaWebConfiguration : spring.jpa.open-in-view is enabled by default. Therefore, database queries may be performed during view rendering. Explicitly configure spring.jpa.open-in-view to disable this warning
2023-04-06T08:37:04.110+03:00  INFO 7972 --- [main] o.s.s.web.DefaultSecurityFilterChain     : Will secure any request with [org.springframework.security.web.session.DisableEncodeUrlFilter@7b6854b5, org.springframework.security.web.context.request.async.WebAsyncManagerIntegrationFilter@357cdb00, org.springframework.security.web.context.SecurityContextHolderFilter@59b3f162, org.springframework.security.web.header.HeaderWriterFilter@587f6634, org.springframework.security.web.authentication.logout.LogoutFilter@5b3ee43e, org.springframework.security.web.authentication.www.BasicAuthenticationFilter@3c8e4a82, org.springframework.security.web.savedrequest.RequestCacheAwareFilter@53d15034, org.springframework.security.web.servletapi.SecurityContextHolderAwareRequestFilter@1fa29b9e, org.springframework.security.web.authentication.AnonymousAuthenticationFilter@1c0fe6c5, org.springframework.security.web.access.ExceptionTranslationFilter@41d84abb, org.springframework.security.web.access.intercept.AuthorizationFilter@5aa334c]
2023-04-06T08:37:04.619+03:00  INFO 7972 --- [main] o.s.b.w.embedded.tomcat.TomcatWebServer  : Tomcat started on port(s): 8080 (http) with context path ''
2023-04-06T08:37:04.630+03:00  INFO 7972 --- [main] c.example.demo.LoanServiceApplication    : Started LoanServiceApplication in 7.195 seconds (process running for 8.046)
2023-04-06T08:37:04.633+03:00  INFO 7972 --- [main] c.example.demo.LoanServiceApplication    : [Inside the CommandLineRunner method]: persisting customer data to the database
2023-04-06T08:37:04.974+03:00  INFO 7972 --- [main] c.example.demo.LoanServiceApplication    : [Inside the CommandLineRunner method]: calling the RestTemplate class which invokes the api
2023-04-06T08:37:05.107+03:00  INFO 7972 --- [http-nio-8080-exec-1] o.a.c.c.C.[Tomcat].[localhost].[/]       : Initializing Spring DispatcherServlet 'dispatcherServlet'
2023-04-06T08:37:05.107+03:00  INFO 7972 --- [http-nio-8080-exec-1] o.s.web.servlet.DispatcherServlet        : Initializing Servlet 'dispatcherServlet'
2023-04-06T08:37:05.109+03:00  INFO 7972 --- [http-nio-8080-exec-1] o.s.web.servlet.DispatcherServlet        : Completed initialization in 1 ms
2023-04-06T08:37:05.384+03:00  INFO 7972 --- [http-nio-8080-exec-1] com.example.demo.services.LoanService    : [Inside the getLoanStatus method]: Retrieving customer loans for account number 1647247688 from the database
2023-04-06T08:37:05.570+03:00  INFO 7972 --- [http-nio-8080-exec-2] com.example.demo.services.LoanService    : [Inside the getLoanStatus method]: Retrieving customer loans for account number 1518397903 from the database
2023-04-06T08:37:05.663+03:00  INFO 7972 --- [http-nio-8080-exec-3] com.example.demo.services.LoanService    : [Inside the getLoanStatus method]: Retrieving customer loans for account number 1271785555 from the database
2023-04-06T08:37:05.753+03:00  INFO 7972 --- [http-nio-8080-exec-4] com.example.demo.services.LoanService    : [Inside the getLoanStatus method]: Retrieving customer loans for account number 1020779281 from the database
2023-04-06T08:37:05.834+03:00  INFO 7972 --- [http-nio-8080-exec-5] com.example.demo.services.LoanService    : [Inside the getLoanStatus method]: Retrieving customer loans for account number 1829650954 from the database
2023-04-06T08:39:01.471+03:00  INFO 26660 --- [main] c.example.demo.LoanServiceApplication    : Starting LoanServiceApplication using Java 17.0.4 with PID 26660 (C:\MY_PROJECTS\customer-loans\target\classes started by C849152 in C:\MY_PROJECTS\customer-loans)
2023-04-06T08:39:01.476+03:00  INFO 26660 --- [main] c.example.demo.LoanServiceApplication    : The following 1 profile is active: "dev"
2023-04-06T08:39:03.217+03:00  INFO 26660 --- [main] .s.d.r.c.RepositoryConfigurationDelegate : Bootstrapping Spring Data JPA repositories in DEFAULT mode.
2023-04-06T08:39:03.321+03:00  INFO 26660 --- [main] .s.d.r.c.RepositoryConfigurationDelegate : Finished Spring Data repository scanning in 92 ms. Found 2 JPA repository interfaces.
2023-04-06T08:39:04.241+03:00  INFO 26660 --- [main] o.s.b.w.embedded.tomcat.TomcatWebServer  : Tomcat initialized with port(s): 8080 (http)
2023-04-06T08:39:04.253+03:00  INFO 26660 --- [main] o.apache.catalina.core.StandardService   : Starting service [Tomcat]
2023-04-06T08:39:04.253+03:00  INFO 26660 --- [main] o.apache.catalina.core.StandardEngine    : Starting Servlet engine: [Apache Tomcat/10.1.7]
2023-04-06T08:39:04.421+03:00  INFO 26660 --- [main] o.a.c.c.C.[Tomcat].[localhost].[/]       : Initializing Spring embedded WebApplicationContext
2023-04-06T08:39:04.422+03:00  INFO 26660 --- [main] w.s.c.ServletWebServerApplicationContext : Root WebApplicationContext: initialization completed in 2841 ms
2023-04-06T08:39:04.787+03:00  INFO 26660 --- [main] o.hibernate.jpa.internal.util.LogHelper  : HHH000204: Processing PersistenceUnitInfo [name: default]
2023-04-06T08:39:04.863+03:00  INFO 26660 --- [main] org.hibernate.Version                    : HHH000412: Hibernate ORM core version 6.1.7.Final
2023-04-06T08:39:05.284+03:00  INFO 26660 --- [main] com.zaxxer.hikari.HikariDataSource       : HikariPool-1 - Starting...
2023-04-06T08:39:05.536+03:00  INFO 26660 --- [main] com.zaxxer.hikari.pool.HikariPool        : HikariPool-1 - Added connection org.postgresql.jdbc.PgConnection@14be750c
2023-04-06T08:39:05.538+03:00  INFO 26660 --- [main] com.zaxxer.hikari.HikariDataSource       : HikariPool-1 - Start completed.
2023-04-06T08:39:05.842+03:00  INFO 26660 --- [main] SQL dialect                              : HHH000400: Using dialect: org.hibernate.dialect.PostgreSQLDialect
2023-04-06T08:39:07.515+03:00  INFO 26660 --- [main] o.h.e.t.j.p.i.JtaPlatformInitiator       : HHH000490: Using JtaPlatform implementation: [org.hibernate.engine.transaction.jta.platform.internal.NoJtaPlatform]
2023-04-06T08:39:07.526+03:00  INFO 26660 --- [main] j.LocalContainerEntityManagerFactoryBean : Initialized JPA EntityManagerFactory for persistence unit 'default'
2023-04-06T08:39:08.037+03:00  WARN 26660 --- [main] JpaBaseConfiguration$JpaWebConfiguration : spring.jpa.open-in-view is enabled by default. Therefore, database queries may be performed during view rendering. Explicitly configure spring.jpa.open-in-view to disable this warning
2023-04-06T08:39:08.360+03:00  INFO 26660 --- [main] o.s.s.web.DefaultSecurityFilterChain     : Will secure any request with [org.springframework.security.web.session.DisableEncodeUrlFilter@f0d01c9, org.springframework.security.web.context.request.async.WebAsyncManagerIntegrationFilter@3c38e2bf, org.springframework.security.web.context.SecurityContextHolderFilter@1af78e37, org.springframework.security.web.header.HeaderWriterFilter@27ac3b6d, org.springframework.security.web.authentication.logout.LogoutFilter@270ab7bc, org.springframework.security.web.authentication.www.BasicAuthenticationFilter@1c65ec63, org.springframework.security.web.savedrequest.RequestCacheAwareFilter@7d95a717, org.springframework.security.web.servletapi.SecurityContextHolderAwareRequestFilter@43b74979, org.springframework.security.web.authentication.AnonymousAuthenticationFilter@205b73d8, org.springframework.security.web.access.ExceptionTranslationFilter@37fd496a, org.springframework.security.web.access.intercept.AuthorizationFilter@400df2b3]
2023-04-06T08:39:09.021+03:00  INFO 26660 --- [main] o.s.b.a.e.web.EndpointLinksResolver      : Exposing 1 endpoint(s) beneath base path '/actuator'
2023-04-06T08:39:09.134+03:00  INFO 26660 --- [main] o.s.b.w.embedded.tomcat.TomcatWebServer  : Tomcat started on port(s): 8080 (http) with context path ''
2023-04-06T08:39:09.159+03:00  INFO 26660 --- [main] c.example.demo.LoanServiceApplication    : Started LoanServiceApplication in 8.82 seconds (process running for 10.122)
2023-04-06T08:39:09.292+03:00  INFO 26660 --- [main] c.example.demo.LoanServiceApplication    : [Inside the CommandLineRunner method]: persisting customer data to the database
2023-04-06T08:39:09.659+03:00  INFO 26660 --- [main] c.example.demo.LoanServiceApplication    : [Inside the CommandLineRunner method]: calling the RestTemplate class which invokes the api
2023-04-06T08:39:09.770+03:00  INFO 26660 --- [http-nio-8080-exec-1] o.a.c.c.C.[Tomcat].[localhost].[/]       : Initializing Spring DispatcherServlet 'dispatcherServlet'
2023-04-06T08:39:09.770+03:00  INFO 26660 --- [http-nio-8080-exec-1] o.s.web.servlet.DispatcherServlet        : Initializing Servlet 'dispatcherServlet'
2023-04-06T08:39:09.771+03:00  INFO 26660 --- [http-nio-8080-exec-1] o.s.web.servlet.DispatcherServlet        : Completed initialization in 1 ms
2023-04-06T08:39:10.014+03:00  INFO 26660 --- [http-nio-8080-exec-1] com.example.demo.services.LoanService    : [Inside the getLoanStatus method]: Retrieving customer loans for account number 1777473642 from the database
2023-04-06T08:39:10.176+03:00  INFO 26660 --- [http-nio-8080-exec-2] com.example.demo.services.LoanService    : [Inside the getLoanStatus method]: Retrieving customer loans for account number 1451486134 from the database
2023-04-06T08:39:10.262+03:00  INFO 26660 --- [http-nio-8080-exec-3] com.example.demo.services.LoanService    : [Inside the getLoanStatus method]: Retrieving customer loans for account number 1412617050 from the database
2023-04-06T08:39:10.342+03:00  INFO 26660 --- [http-nio-8080-exec-4] com.example.demo.services.LoanService    : [Inside the getLoanStatus method]: Retrieving customer loans for account number 1579035163 from the database
2023-04-06T08:39:10.421+03:00  INFO 26660 --- [http-nio-8080-exec-5] com.example.demo.services.LoanService    : [Inside the getLoanStatus method]: Retrieving customer loans for account number 1000307471 from the database
2023-04-06T09:05:34.961+03:00  INFO 33404 --- [main] c.example.demo.LoanServiceApplication    : Starting LoanServiceApplication using Java 17.0.4 with PID 33404 (C:\MY_PROJECTS\customer-loans\target\classes started by C849152 in C:\MY_PROJECTS\customer-loans)
2023-04-06T09:05:34.968+03:00  INFO 33404 --- [main] c.example.demo.LoanServiceApplication    : The following 1 profile is active: "dev"
2023-04-06T09:05:36.728+03:00  INFO 33404 --- [main] .s.d.r.c.RepositoryConfigurationDelegate : Bootstrapping Spring Data JPA repositories in DEFAULT mode.
2023-04-06T09:05:36.832+03:00  INFO 33404 --- [main] .s.d.r.c.RepositoryConfigurationDelegate : Finished Spring Data repository scanning in 88 ms. Found 2 JPA repository interfaces.
2023-04-06T09:05:37.902+03:00  INFO 33404 --- [main] o.s.b.w.embedded.tomcat.TomcatWebServer  : Tomcat initialized with port(s): 8080 (http)
2023-04-06T09:05:37.922+03:00  INFO 33404 --- [main] o.apache.catalina.core.StandardService   : Starting service [Tomcat]
2023-04-06T09:05:37.923+03:00  INFO 33404 --- [main] o.apache.catalina.core.StandardEngine    : Starting Servlet engine: [Apache Tomcat/10.1.7]
2023-04-06T09:05:38.126+03:00  INFO 33404 --- [main] o.a.c.c.C.[Tomcat].[localhost].[/]       : Initializing Spring embedded WebApplicationContext
2023-04-06T09:05:38.127+03:00  INFO 33404 --- [main] w.s.c.ServletWebServerApplicationContext : Root WebApplicationContext: initialization completed in 3052 ms
2023-04-06T09:05:38.566+03:00  INFO 33404 --- [main] o.hibernate.jpa.internal.util.LogHelper  : HHH000204: Processing PersistenceUnitInfo [name: default]
2023-04-06T09:05:38.660+03:00  INFO 33404 --- [main] org.hibernate.Version                    : HHH000412: Hibernate ORM core version 6.1.7.Final
2023-04-06T09:05:39.143+03:00  INFO 33404 --- [main] com.zaxxer.hikari.HikariDataSource       : HikariPool-1 - Starting...
2023-04-06T09:05:39.462+03:00  INFO 33404 --- [main] com.zaxxer.hikari.pool.HikariPool        : HikariPool-1 - Added connection org.postgresql.jdbc.PgConnection@1d944fc0
2023-04-06T09:05:39.464+03:00  INFO 33404 --- [main] com.zaxxer.hikari.HikariDataSource       : HikariPool-1 - Start completed.
2023-04-06T09:05:39.763+03:00  INFO 33404 --- [main] SQL dialect                              : HHH000400: Using dialect: org.hibernate.dialect.PostgreSQLDialect
2023-04-06T09:05:41.534+03:00  INFO 33404 --- [main] o.h.e.t.j.p.i.JtaPlatformInitiator       : HHH000490: Using JtaPlatform implementation: [org.hibernate.engine.transaction.jta.platform.internal.NoJtaPlatform]
2023-04-06T09:05:41.544+03:00  INFO 33404 --- [main] j.LocalContainerEntityManagerFactoryBean : Initialized JPA EntityManagerFactory for persistence unit 'default'
2023-04-06T09:05:42.075+03:00  WARN 33404 --- [main] JpaBaseConfiguration$JpaWebConfiguration : spring.jpa.open-in-view is enabled by default. Therefore, database queries may be performed during view rendering. Explicitly configure spring.jpa.open-in-view to disable this warning
2023-04-06T09:05:42.418+03:00  INFO 33404 --- [main] o.s.s.web.DefaultSecurityFilterChain     : Will secure any request with [org.springframework.security.web.session.DisableEncodeUrlFilter@1a48a582, org.springframework.security.web.context.request.async.WebAsyncManagerIntegrationFilter@1221d607, org.springframework.security.web.context.SecurityContextHolderFilter@498503cb, org.springframework.security.web.header.HeaderWriterFilter@41f61188, org.springframework.security.web.authentication.logout.LogoutFilter@394950ad, org.springframework.security.web.authentication.www.BasicAuthenticationFilter@57abe94d, org.springframework.security.web.savedrequest.RequestCacheAwareFilter@576323ff, org.springframework.security.web.servletapi.SecurityContextHolderAwareRequestFilter@79454d8e, org.springframework.security.web.authentication.AnonymousAuthenticationFilter@4b45c8e4, org.springframework.security.web.access.ExceptionTranslationFilter@5c261c74, org.springframework.security.web.access.intercept.AuthorizationFilter@56887c8f]
2023-04-06T09:05:43.174+03:00  INFO 33404 --- [main] o.s.b.a.e.web.EndpointLinksResolver      : Exposing 14 endpoint(s) beneath base path '/actuator'
2023-04-06T09:05:43.335+03:00  INFO 33404 --- [main] o.s.b.w.embedded.tomcat.TomcatWebServer  : Tomcat started on port(s): 8080 (http) with context path ''
2023-04-06T09:05:43.363+03:00  INFO 33404 --- [main] c.example.demo.LoanServiceApplication    : Started LoanServiceApplication in 9.339 seconds (process running for 10.419)
2023-04-06T09:05:43.448+03:00  INFO 33404 --- [main] c.example.demo.LoanServiceApplication    : [Inside the CommandLineRunner method]: persisting customer data to the database
2023-04-06T09:05:43.802+03:00  INFO 33404 --- [main] c.example.demo.LoanServiceApplication    : [Inside the CommandLineRunner method]: calling the RestTemplate class which invokes the api
2023-04-06T09:05:43.904+03:00  INFO 33404 --- [http-nio-8080-exec-2] o.a.c.c.C.[Tomcat].[localhost].[/]       : Initializing Spring DispatcherServlet 'dispatcherServlet'
2023-04-06T09:05:43.905+03:00  INFO 33404 --- [http-nio-8080-exec-2] o.s.web.servlet.DispatcherServlet        : Initializing Servlet 'dispatcherServlet'
2023-04-06T09:05:43.906+03:00  INFO 33404 --- [http-nio-8080-exec-2] o.s.web.servlet.DispatcherServlet        : Completed initialization in 1 ms
2023-04-06T09:05:44.166+03:00  INFO 33404 --- [http-nio-8080-exec-2] com.example.demo.services.LoanService    : [Inside the getLoanStatus method]: Retrieving customer loans for account number 1548169351 from the database
2023-04-06T09:05:44.367+03:00  INFO 33404 --- [http-nio-8080-exec-1] com.example.demo.services.LoanService    : [Inside the getLoanStatus method]: Retrieving customer loans for account number 1722442851 from the database
2023-04-06T09:05:44.492+03:00  INFO 33404 --- [http-nio-8080-exec-3] com.example.demo.services.LoanService    : [Inside the getLoanStatus method]: Retrieving customer loans for account number 1482312696 from the database
2023-04-06T09:05:44.591+03:00  INFO 33404 --- [http-nio-8080-exec-4] com.example.demo.services.LoanService    : [Inside the getLoanStatus method]: Retrieving customer loans for account number 1214926682 from the database
2023-04-06T09:05:44.679+03:00  INFO 33404 --- [http-nio-8080-exec-6] com.example.demo.services.LoanService    : [Inside the getLoanStatus method]: Retrieving customer loans for account number 1279942808 from the database
